[2020-05-31 23:54:27.400] [INFO] [jmendoza-ThinkPad-T420] [main] [hexagonal.order.OrderApplication] | Starting OrderApplication on jmendoza-ThinkPad-T420 with PID 4837 (/home/jmendoza/IdeaProjects/JonathanM2ndoza/Hexagonal-Architecture-DDD/Order/target/classes started by jmendoza in /home/jmendoza/IdeaProjects/JonathanM2ndoza/Hexagonal-Architecture-DDD)
[2020-05-31 23:54:27.424] [DEBUG] [jmendoza-ThinkPad-T420] [main] [hexagonal.order.OrderApplication] | Running with Spring Boot v2.3.0.RELEASE, Spring v5.2.6.RELEASE
[2020-05-31 23:54:27.427] [INFO] [jmendoza-ThinkPad-T420] [main] [hexagonal.order.OrderApplication] | No active profile set, falling back to default profiles: default
[2020-05-31 23:54:28.323] [INFO] [jmendoza-ThinkPad-T420] [main] [repository.config.RepositoryConfigurationDelegate] | Bootstrapping Spring Data JDBC repositories in DEFAULT mode.
[2020-05-31 23:54:28.343] [INFO] [jmendoza-ThinkPad-T420] [main] [repository.config.RepositoryConfigurationDelegate] | Finished Spring Data repository scanning in 16ms. Found 0 JDBC repository interfaces.
[2020-05-31 23:54:28.855] [INFO] [jmendoza-ThinkPad-T420] [main] [embedded.tomcat.TomcatWebServer] | Tomcat initialized with port(s): 3002 (http)
[2020-05-31 23:54:28.863] [INFO] [jmendoza-ThinkPad-T420] [main] [coyote.http11.Http11NioProtocol] | Initializing ProtocolHandler ["http-nio-3002"]
[2020-05-31 23:54:28.864] [INFO] [jmendoza-ThinkPad-T420] [main] [catalina.core.StandardService] | Starting service [Tomcat]
[2020-05-31 23:54:28.864] [INFO] [jmendoza-ThinkPad-T420] [main] [catalina.core.StandardEngine] | Starting Servlet engine: [Apache Tomcat/9.0.35]
[2020-05-31 23:54:28.931] [INFO] [jmendoza-ThinkPad-T420] [main] [[Tomcat].[localhost].[/]] | Initializing Spring embedded WebApplicationContext
[2020-05-31 23:54:28.931] [INFO] [jmendoza-ThinkPad-T420] [main] [web.context.ContextLoader] | Root WebApplicationContext: initialization completed in 1278 ms
[2020-05-31 23:54:29.272] [INFO] [jmendoza-ThinkPad-T420] [main] [scheduling.concurrent.ThreadPoolTaskExecutor] | Initializing ExecutorService 'applicationTaskExecutor'
[2020-05-31 23:54:29.566] [INFO] [jmendoza-ThinkPad-T420] [main] [zaxxer.hikari.HikariDataSource] | HikariPool-1 - Starting...
[2020-05-31 23:54:29.777] [INFO] [jmendoza-ThinkPad-T420] [main] [zaxxer.hikari.HikariDataSource] | HikariPool-1 - Start completed.
[2020-05-31 23:54:29.852] [INFO] [jmendoza-ThinkPad-T420] [main] [coyote.http11.Http11NioProtocol] | Starting ProtocolHandler ["http-nio-3002"]
[2020-05-31 23:54:29.870] [INFO] [jmendoza-ThinkPad-T420] [main] [embedded.tomcat.TomcatWebServer] | Tomcat started on port(s): 3002 (http) with context path ''
[2020-05-31 23:54:29.889] [INFO] [jmendoza-ThinkPad-T420] [main] [hexagonal.order.OrderApplication] | Started OrderApplication in 3.286 seconds (JVM running for 4.7)
[2020-05-31 23:55:18.883] [INFO] [jmendoza-ThinkPad-T420] [SpringContextShutdownHook] [zaxxer.hikari.HikariDataSource] | HikariPool-1 - Shutdown initiated...
[2020-05-31 23:55:18.896] [INFO] [jmendoza-ThinkPad-T420] [SpringContextShutdownHook] [zaxxer.hikari.HikariDataSource] | HikariPool-1 - Shutdown completed.
[2020-05-31 23:55:18.897] [INFO] [jmendoza-ThinkPad-T420] [SpringContextShutdownHook] [scheduling.concurrent.ThreadPoolTaskExecutor] | Shutting down ExecutorService 'applicationTaskExecutor'
