[2020-06-06 00:09:31.538] [INFO] [jmendoza-ThinkPad-T420] [main] [hexagonal.configuration.HexagonalArchitectureConfigurationApplication] | Starting HexagonalArchitectureConfigurationApplication on jmendoza-ThinkPad-T420 with PID 14721 (/home/jmendoza/IdeaProjects/JonathanM2ndoza/Hexagonal-Architecture-DDD/Order/configuration/target/classes started by jmendoza in /home/jmendoza/IdeaProjects/JonathanM2ndoza/Hexagonal-Architecture-DDD/Order)
[2020-06-06 00:09:31.554] [INFO] [jmendoza-ThinkPad-T420] [main] [hexagonal.configuration.HexagonalArchitectureConfigurationApplication] | No active profile set, falling back to default profiles: default
[2020-06-06 00:09:32.945] [INFO] [jmendoza-ThinkPad-T420] [main] [repository.config.RepositoryConfigurationDelegate] | Bootstrapping Spring Data JDBC repositories in DEFAULT mode.
[2020-06-06 00:09:32.966] [INFO] [jmendoza-ThinkPad-T420] [main] [repository.config.RepositoryConfigurationDelegate] | Finished Spring Data repository scanning in 16ms. Found 0 JDBC repository interfaces.
[2020-06-06 00:09:33.523] [INFO] [jmendoza-ThinkPad-T420] [main] [embedded.tomcat.TomcatWebServer] | Tomcat initialized with port(s): 3002 (http)
[2020-06-06 00:09:33.533] [INFO] [jmendoza-ThinkPad-T420] [main] [coyote.http11.Http11NioProtocol] | Initializing ProtocolHandler ["http-nio-3002"]
[2020-06-06 00:09:33.534] [INFO] [jmendoza-ThinkPad-T420] [main] [catalina.core.StandardService] | Starting service [Tomcat]
[2020-06-06 00:09:33.535] [INFO] [jmendoza-ThinkPad-T420] [main] [catalina.core.StandardEngine] | Starting Servlet engine: [Apache Tomcat/9.0.35]
[2020-06-06 00:09:33.623] [INFO] [jmendoza-ThinkPad-T420] [main] [[Tomcat].[localhost].[/]] | Initializing Spring embedded WebApplicationContext
[2020-06-06 00:09:33.624] [INFO] [jmendoza-ThinkPad-T420] [main] [web.context.ContextLoader] | Root WebApplicationContext: initialization completed in 1683 ms
[2020-06-06 00:09:33.973] [INFO] [jmendoza-ThinkPad-T420] [main] [scheduling.concurrent.ThreadPoolTaskExecutor] | Initializing ExecutorService 'applicationTaskExecutor'
[2020-06-06 00:09:34.263] [INFO] [jmendoza-ThinkPad-T420] [main] [zaxxer.hikari.HikariDataSource] | HikariPool-1 - Starting...
[2020-06-06 00:09:34.479] [INFO] [jmendoza-ThinkPad-T420] [main] [zaxxer.hikari.HikariDataSource] | HikariPool-1 - Start completed.
[2020-06-06 00:09:34.623] [INFO] [jmendoza-ThinkPad-T420] [main] [coyote.http11.Http11NioProtocol] | Starting ProtocolHandler ["http-nio-3002"]
[2020-06-06 00:09:34.658] [INFO] [jmendoza-ThinkPad-T420] [main] [embedded.tomcat.TomcatWebServer] | Tomcat started on port(s): 3002 (http) with context path ''
[2020-06-06 00:09:34.684] [INFO] [jmendoza-ThinkPad-T420] [main] [hexagonal.configuration.HexagonalArchitectureConfigurationApplication] | Started HexagonalArchitectureConfigurationApplication in 3.995 seconds (JVM running for 5.558)
[2020-06-06 00:10:08.641] [INFO] [jmendoza-ThinkPad-T420] [http-nio-3002-exec-1] [[Tomcat].[localhost].[/]] | Initializing Spring DispatcherServlet 'dispatcherServlet'
[2020-06-06 00:10:08.642] [INFO] [jmendoza-ThinkPad-T420] [http-nio-3002-exec-1] [web.servlet.DispatcherServlet] | Initializing Servlet 'dispatcherServlet'
[2020-06-06 00:10:08.654] [INFO] [jmendoza-ThinkPad-T420] [http-nio-3002-exec-1] [web.servlet.DispatcherServlet] | Completed initialization in 12 ms
[2020-06-06 00:10:08.804] [TRACE] [jmendoza-ThinkPad-T420] [http-nio-3002-exec-1] [zalando.logbook.Logbook] | {"origin":"remote","type":"request","correlation":"c2653f1e772360ec","protocol":"HTTP/1.1","remote":"0:0:0:0:0:0:0:1","method":"POST","uri":"http://localhost:3002/v1/orders","headers":{"accept":["*/*"],"accept-encoding":["gzip, deflate, br"],"accept-language":["es-419,es-US;q=0.9,es;q=0.8,en-US;q=0.7,en;q=0.6"],"cache-control":["no-cache"],"connection":["keep-alive"],"content-length":["304"],"content-type":["application/json"],"host":["localhost:3002"],"origin":["chrome-extension://fhbjgbiflinjbdggehcddcbncdddomop"],"postman-token":["357e1db2-c45c-76d6-5657-a2d81bb5fd16"],"sec-fetch-dest":["empty"],"sec-fetch-mode":["cors"],"sec-fetch-site":["none"],"user-agent":["Mozilla/5.0 (X11; Linux x86_64) AppleWebKit/537.36 (KHTML, like Gecko) Chrome/83.0.4103.61 Safari/537.36"]},"body":{"customerId":"5ed047dda2923f1ac2c64463","createdAt":"2020-06-06T00:10:12","orderProductList":[{"quantity":"2","productId":"5ed31ddb669529409edc2fd0","productPrice":1099.51},{"quantity":"1","productId":"5ed31cb5669529409edc2fcf","productPrice":2199.99}]}}
[2020-06-06 00:10:08.830] [TRACE] [jmendoza-ThinkPad-T420] [http-nio-3002-exec-1] [zalando.logbook.Logbook] | {"origin":"local","type":"response","correlation":"c2653f1e772360ec","duration":150,"protocol":"HTTP/1.1","status":404,"headers":{"Vary":["Origin","Access-Control-Request-Method","Access-Control-Request-Headers"]}}
[2020-06-06 00:10:29.237] [INFO] [jmendoza-ThinkPad-T420] [SpringContextShutdownHook] [zaxxer.hikari.HikariDataSource] | HikariPool-1 - Shutdown initiated...
[2020-06-06 00:10:29.251] [INFO] [jmendoza-ThinkPad-T420] [SpringContextShutdownHook] [zaxxer.hikari.HikariDataSource] | HikariPool-1 - Shutdown completed.
[2020-06-06 00:10:29.254] [INFO] [jmendoza-ThinkPad-T420] [SpringContextShutdownHook] [scheduling.concurrent.ThreadPoolTaskExecutor] | Shutting down ExecutorService 'applicationTaskExecutor'
[2020-06-06 00:10:55.909] [INFO] [jmendoza-ThinkPad-T420] [main] [hexagonal.configuration.HexagonalArchitectureConfigurationApplication] | Starting HexagonalArchitectureConfigurationApplication on jmendoza-ThinkPad-T420 with PID 15088 (/home/jmendoza/IdeaProjects/JonathanM2ndoza/Hexagonal-Architecture-DDD/Order/configuration/target/classes started by jmendoza in /home/jmendoza/IdeaProjects/JonathanM2ndoza/Hexagonal-Architecture-DDD/Order)
[2020-06-06 00:10:55.931] [INFO] [jmendoza-ThinkPad-T420] [main] [hexagonal.configuration.HexagonalArchitectureConfigurationApplication] | No active profile set, falling back to default profiles: default
[2020-06-06 00:10:57.096] [INFO] [jmendoza-ThinkPad-T420] [main] [repository.config.RepositoryConfigurationDelegate] | Bootstrapping Spring Data JDBC repositories in DEFAULT mode.
[2020-06-06 00:10:57.115] [INFO] [jmendoza-ThinkPad-T420] [main] [repository.config.RepositoryConfigurationDelegate] | Finished Spring Data repository scanning in 14ms. Found 0 JDBC repository interfaces.
[2020-06-06 00:10:57.681] [INFO] [jmendoza-ThinkPad-T420] [main] [embedded.tomcat.TomcatWebServer] | Tomcat initialized with port(s): 3002 (http)
[2020-06-06 00:10:57.691] [INFO] [jmendoza-ThinkPad-T420] [main] [coyote.http11.Http11NioProtocol] | Initializing ProtocolHandler ["http-nio-3002"]
[2020-06-06 00:10:57.692] [INFO] [jmendoza-ThinkPad-T420] [main] [catalina.core.StandardService] | Starting service [Tomcat]
[2020-06-06 00:10:57.692] [INFO] [jmendoza-ThinkPad-T420] [main] [catalina.core.StandardEngine] | Starting Servlet engine: [Apache Tomcat/9.0.35]
[2020-06-06 00:10:57.790] [INFO] [jmendoza-ThinkPad-T420] [main] [[Tomcat].[localhost].[/]] | Initializing Spring embedded WebApplicationContext
[2020-06-06 00:10:57.790] [INFO] [jmendoza-ThinkPad-T420] [main] [web.context.ContextLoader] | Root WebApplicationContext: initialization completed in 1558 ms
[2020-06-06 00:10:58.563] [INFO] [jmendoza-ThinkPad-T420] [main] [scheduling.concurrent.ThreadPoolTaskExecutor] | Initializing ExecutorService 'applicationTaskExecutor'
[2020-06-06 00:10:58.980] [INFO] [jmendoza-ThinkPad-T420] [main] [zaxxer.hikari.HikariDataSource] | HikariPool-1 - Starting...
[2020-06-06 00:10:59.189] [INFO] [jmendoza-ThinkPad-T420] [main] [zaxxer.hikari.HikariDataSource] | HikariPool-1 - Start completed.
[2020-06-06 00:10:59.306] [INFO] [jmendoza-ThinkPad-T420] [main] [coyote.http11.Http11NioProtocol] | Starting ProtocolHandler ["http-nio-3002"]
[2020-06-06 00:10:59.332] [INFO] [jmendoza-ThinkPad-T420] [main] [embedded.tomcat.TomcatWebServer] | Tomcat started on port(s): 3002 (http) with context path ''
[2020-06-06 00:10:59.350] [INFO] [jmendoza-ThinkPad-T420] [main] [hexagonal.configuration.HexagonalArchitectureConfigurationApplication] | Started HexagonalArchitectureConfigurationApplication in 4.18 seconds (JVM running for 5.715)
[2020-06-06 00:11:07.354] [INFO] [jmendoza-ThinkPad-T420] [http-nio-3002-exec-1] [[Tomcat].[localhost].[/]] | Initializing Spring DispatcherServlet 'dispatcherServlet'
[2020-06-06 00:11:07.355] [INFO] [jmendoza-ThinkPad-T420] [http-nio-3002-exec-1] [web.servlet.DispatcherServlet] | Initializing Servlet 'dispatcherServlet'
[2020-06-06 00:11:07.363] [INFO] [jmendoza-ThinkPad-T420] [http-nio-3002-exec-1] [web.servlet.DispatcherServlet] | Completed initialization in 8 ms
[2020-06-06 00:11:07.467] [TRACE] [jmendoza-ThinkPad-T420] [http-nio-3002-exec-1] [zalando.logbook.Logbook] | {"origin":"remote","type":"request","correlation":"84006a3926490d9a","protocol":"HTTP/1.1","remote":"0:0:0:0:0:0:0:1","method":"GET","uri":"http://localhost:3002/v1/orders/33","headers":{"accept":["*/*"],"accept-encoding":["gzip, deflate, br"],"accept-language":["es-419,es-US;q=0.9,es;q=0.8,en-US;q=0.7,en;q=0.6"],"cache-control":["no-cache"],"connection":["keep-alive"],"host":["localhost:3002"],"postman-token":["5eda2203-97e2-c62a-aa7d-e2a47f747ce3"],"sec-fetch-dest":["empty"],"sec-fetch-mode":["cors"],"sec-fetch-site":["none"],"user-agent":["Mozilla/5.0 (X11; Linux x86_64) AppleWebKit/537.36 (KHTML, like Gecko) Chrome/83.0.4103.61 Safari/537.36"]}}
[2020-06-06 00:11:08.331] [ERROR] [jmendoza-ThinkPad-T420] [http-nio-3002-exec-1] [common.exception.CustomExceptionHandler] | com.jmendoza.swa.hexagonal.common.exception.ResourceNotFoundException: Order not found :: 33
[2020-06-06 00:11:08.433] [TRACE] [jmendoza-ThinkPad-T420] [http-nio-3002-exec-1] [zalando.logbook.Logbook] | {"origin":"local","type":"response","correlation":"84006a3926490d9a","duration":1039,"protocol":"HTTP/1.1","status":404,"headers":{"Connection":["keep-alive"],"Content-Type":["application/json"],"Date":["Sat, 06 Jun 2020 04:11:08 GMT"],"Keep-Alive":["timeout=60"],"Transfer-Encoding":["chunked"]},"body":{"timestamp":"2020-06-06T04:11:08.330+00:00","message":"Order not found :: 33","details":"uri=/v1/orders/33"}}
[2020-06-06 00:11:29.388] [INFO] [jmendoza-ThinkPad-T420] [SpringContextShutdownHook] [scheduling.concurrent.ThreadPoolTaskExecutor] | Shutting down ExecutorService 'applicationTaskExecutor'
[2020-06-06 00:11:29.389] [INFO] [jmendoza-ThinkPad-T420] [SpringContextShutdownHook] [zaxxer.hikari.HikariDataSource] | HikariPool-1 - Shutdown initiated...
[2020-06-06 00:11:29.407] [INFO] [jmendoza-ThinkPad-T420] [SpringContextShutdownHook] [zaxxer.hikari.HikariDataSource] | HikariPool-1 - Shutdown completed.
[2020-06-06 00:11:44.985] [INFO] [jmendoza-ThinkPad-T420] [main] [hexagonal.configuration.HexagonalArchitectureConfigurationApplication] | Starting HexagonalArchitectureConfigurationApplication on jmendoza-ThinkPad-T420 with PID 15436 (/home/jmendoza/IdeaProjects/JonathanM2ndoza/Hexagonal-Architecture-DDD/Order/configuration/target/classes started by jmendoza in /home/jmendoza/IdeaProjects/JonathanM2ndoza/Hexagonal-Architecture-DDD/Order)
[2020-06-06 00:11:45.024] [INFO] [jmendoza-ThinkPad-T420] [main] [hexagonal.configuration.HexagonalArchitectureConfigurationApplication] | No active profile set, falling back to default profiles: default
[2020-06-06 00:11:47.232] [INFO] [jmendoza-ThinkPad-T420] [main] [embedded.tomcat.TomcatWebServer] | Tomcat initialized with port(s): 3002 (http)
[2020-06-06 00:11:47.250] [INFO] [jmendoza-ThinkPad-T420] [main] [coyote.http11.Http11NioProtocol] | Initializing ProtocolHandler ["http-nio-3002"]
[2020-06-06 00:11:47.251] [INFO] [jmendoza-ThinkPad-T420] [main] [catalina.core.StandardService] | Starting service [Tomcat]
[2020-06-06 00:11:47.251] [INFO] [jmendoza-ThinkPad-T420] [main] [catalina.core.StandardEngine] | Starting Servlet engine: [Apache Tomcat/9.0.35]
[2020-06-06 00:11:47.351] [INFO] [jmendoza-ThinkPad-T420] [main] [[Tomcat].[localhost].[/]] | Initializing Spring embedded WebApplicationContext
[2020-06-06 00:11:47.351] [INFO] [jmendoza-ThinkPad-T420] [main] [web.context.ContextLoader] | Root WebApplicationContext: initialization completed in 1817 ms
[2020-06-06 00:11:47.522] [WARN] [jmendoza-ThinkPad-T420] [main] [servlet.context.AnnotationConfigServletWebServerApplicationContext] | Exception encountered during context initialization - cancelling refresh attempt: org.springframework.beans.factory.UnsatisfiedDependencyException: Error creating bean with name 'orderController' defined in file [/home/jmendoza/IdeaProjects/JonathanM2ndoza/Hexagonal-Architecture-DDD/Order/application/target/classes/com/jmendoza/swa/hexagonal/application/rest/controller/OrderController.class]: Unsatisfied dependency expressed through constructor parameter 0; nested exception is org.springframework.beans.factory.UnsatisfiedDependencyException: Error creating bean with name 'createOrderService' defined in file [/home/jmendoza/IdeaProjects/JonathanM2ndoza/Hexagonal-Architecture-DDD/Order/domain/target/classes/com/jmendoza/swa/hexagonal/domain/services/CreateOrderService.class]: Unsatisfied dependency expressed through constructor parameter 0; nested exception is org.springframework.beans.factory.NoSuchBeanDefinitionException: No qualifying bean of type 'com.jmendoza.swa.hexagonal.domain.ports.outbound.CreateOrderPort' available: expected at least 1 bean which qualifies as autowire candidate. Dependency annotations: {}
[2020-06-06 00:11:47.527] [INFO] [jmendoza-ThinkPad-T420] [main] [catalina.core.StandardService] | Stopping service [Tomcat]
[2020-06-06 00:11:47.546] [INFO] [jmendoza-ThinkPad-T420] [main] [autoconfigure.logging.ConditionEvaluationReportLoggingListener] | 

Error starting ApplicationContext. To display the conditions report re-run your application with 'debug' enabled.
[2020-06-06 00:11:47.807] [ERROR] [jmendoza-ThinkPad-T420] [main] [boot.diagnostics.LoggingFailureAnalysisReporter] | 

***************************
APPLICATION FAILED TO START
***************************

Description:

Parameter 0 of constructor in com.jmendoza.swa.hexagonal.domain.services.CreateOrderService required a bean of type 'com.jmendoza.swa.hexagonal.domain.ports.outbound.CreateOrderPort' that could not be found.


Action:

Consider defining a bean of type 'com.jmendoza.swa.hexagonal.domain.ports.outbound.CreateOrderPort' in your configuration.

[2020-06-06 00:11:47.811] [WARN] [jmendoza-ThinkPad-T420] [main] [springframework.boot.SpringApplication] | Unable to close ApplicationContext
org.springframework.beans.factory.UnsatisfiedDependencyException: Error creating bean with name 'springApplicationAdminRegistrar' defined in class path resource [org/springframework/boot/autoconfigure/admin/SpringApplicationAdminJmxAutoConfiguration.class]: Unsatisfied dependency expressed through method 'springApplicationAdminRegistrar' parameter 1; nested exception is org.springframework.beans.factory.NoSuchBeanDefinitionException: No qualifying bean of type 'org.springframework.core.env.Environment' available: expected at least 1 bean which qualifies as autowire candidate. Dependency annotations: {}
	at org.springframework.beans.factory.support.ConstructorResolver.createArgumentArray(ConstructorResolver.java:798) ~[spring-beans-5.2.6.RELEASE.jar:5.2.6.RELEASE]
	at org.springframework.beans.factory.support.ConstructorResolver.instantiateUsingFactoryMethod(ConstructorResolver.java:539) ~[spring-beans-5.2.6.RELEASE.jar:5.2.6.RELEASE]
	at org.springframework.beans.factory.support.AbstractAutowireCapableBeanFactory.instantiateUsingFactoryMethod(AbstractAutowireCapableBeanFactory.java:1338) ~[spring-beans-5.2.6.RELEASE.jar:5.2.6.RELEASE]
	at org.springframework.beans.factory.support.AbstractAutowireCapableBeanFactory.createBeanInstance(AbstractAutowireCapableBeanFactory.java:1177) ~[spring-beans-5.2.6.RELEASE.jar:5.2.6.RELEASE]
	at org.springframework.beans.factory.support.AbstractAutowireCapableBeanFactory.doCreateBean(AbstractAutowireCapableBeanFactory.java:557) ~[spring-beans-5.2.6.RELEASE.jar:5.2.6.RELEASE]
	at org.springframework.beans.factory.support.AbstractAutowireCapableBeanFactory.createBean(AbstractAutowireCapableBeanFactory.java:517) ~[spring-beans-5.2.6.RELEASE.jar:5.2.6.RELEASE]
	at org.springframework.beans.factory.support.AbstractBeanFactory.lambda$doGetBean$0(AbstractBeanFactory.java:323) ~[spring-beans-5.2.6.RELEASE.jar:5.2.6.RELEASE]
	at org.springframework.beans.factory.support.DefaultSingletonBeanRegistry.getSingleton(DefaultSingletonBeanRegistry.java:226) ~[spring-beans-5.2.6.RELEASE.jar:5.2.6.RELEASE]
	at org.springframework.beans.factory.support.AbstractBeanFactory.doGetBean(AbstractBeanFactory.java:321) ~[spring-beans-5.2.6.RELEASE.jar:5.2.6.RELEASE]
	at org.springframework.beans.factory.support.AbstractBeanFactory.getBean(AbstractBeanFactory.java:207) ~[spring-beans-5.2.6.RELEASE.jar:5.2.6.RELEASE]
	at org.springframework.context.event.AbstractApplicationEventMulticaster.retrieveApplicationListeners(AbstractApplicationEventMulticaster.java:245) ~[spring-context-5.2.6.RELEASE.jar:5.2.6.RELEASE]
	at org.springframework.context.event.AbstractApplicationEventMulticaster.getApplicationListeners(AbstractApplicationEventMulticaster.java:197) ~[spring-context-5.2.6.RELEASE.jar:5.2.6.RELEASE]
	at org.springframework.context.event.SimpleApplicationEventMulticaster.multicastEvent(SimpleApplicationEventMulticaster.java:134) ~[spring-context-5.2.6.RELEASE.jar:5.2.6.RELEASE]
	at org.springframework.context.support.AbstractApplicationContext.publishEvent(AbstractApplicationContext.java:403) ~[spring-context-5.2.6.RELEASE.jar:5.2.6.RELEASE]
	at org.springframework.context.support.AbstractApplicationContext.publishEvent(AbstractApplicationContext.java:360) ~[spring-context-5.2.6.RELEASE.jar:5.2.6.RELEASE]
	at org.springframework.boot.availability.AvailabilityChangeEvent.publish(AvailabilityChangeEvent.java:81) ~[spring-boot-2.3.0.RELEASE.jar:2.3.0.RELEASE]
	at org.springframework.boot.availability.AvailabilityChangeEvent.publish(AvailabilityChangeEvent.java:67) ~[spring-boot-2.3.0.RELEASE.jar:2.3.0.RELEASE]
	at org.springframework.boot.web.servlet.context.ServletWebServerApplicationContext.doClose(ServletWebServerApplicationContext.java:167) ~[spring-boot-2.3.0.RELEASE.jar:2.3.0.RELEASE]
	at org.springframework.context.support.AbstractApplicationContext.close(AbstractApplicationContext.java:978) ~[spring-context-5.2.6.RELEASE.jar:5.2.6.RELEASE]
	at org.springframework.boot.SpringApplication.handleRunFailure(SpringApplication.java:814) [spring-boot-2.3.0.RELEASE.jar:2.3.0.RELEASE]
	at org.springframework.boot.SpringApplication.run(SpringApplication.java:325) [spring-boot-2.3.0.RELEASE.jar:2.3.0.RELEASE]
	at org.springframework.boot.SpringApplication.run(SpringApplication.java:1237) [spring-boot-2.3.0.RELEASE.jar:2.3.0.RELEASE]
	at org.springframework.boot.SpringApplication.run(SpringApplication.java:1226) [spring-boot-2.3.0.RELEASE.jar:2.3.0.RELEASE]
	at com.jmendoza.swa.hexagonal.configuration.HexagonalArchitectureConfigurationApplication.main(HexagonalArchitectureConfigurationApplication.java:10) [classes/:?]
Caused by: org.springframework.beans.factory.NoSuchBeanDefinitionException: No qualifying bean of type 'org.springframework.core.env.Environment' available: expected at least 1 bean which qualifies as autowire candidate. Dependency annotations: {}
	at org.springframework.beans.factory.support.DefaultListableBeanFactory.raiseNoMatchingBeanFound(DefaultListableBeanFactory.java:1716) ~[spring-beans-5.2.6.RELEASE.jar:5.2.6.RELEASE]
	at org.springframework.beans.factory.support.DefaultListableBeanFactory.doResolveDependency(DefaultListableBeanFactory.java:1272) ~[spring-beans-5.2.6.RELEASE.jar:5.2.6.RELEASE]
	at org.springframework.beans.factory.support.DefaultListableBeanFactory.resolveDependency(DefaultListableBeanFactory.java:1226) ~[spring-beans-5.2.6.RELEASE.jar:5.2.6.RELEASE]
	at org.springframework.beans.factory.support.ConstructorResolver.resolveAutowiredArgument(ConstructorResolver.java:885) ~[spring-beans-5.2.6.RELEASE.jar:5.2.6.RELEASE]
	at org.springframework.beans.factory.support.ConstructorResolver.createArgumentArray(ConstructorResolver.java:789) ~[spring-beans-5.2.6.RELEASE.jar:5.2.6.RELEASE]
	... 23 more
[2020-06-06 00:12:42.274] [INFO] [jmendoza-ThinkPad-T420] [main] [hexagonal.configuration.HexagonalArchitectureConfigurationApplication] | Starting HexagonalArchitectureConfigurationApplication on jmendoza-ThinkPad-T420 with PID 15725 (/home/jmendoza/IdeaProjects/JonathanM2ndoza/Hexagonal-Architecture-DDD/Order/configuration/target/classes started by jmendoza in /home/jmendoza/IdeaProjects/JonathanM2ndoza/Hexagonal-Architecture-DDD/Order)
[2020-06-06 00:12:42.303] [INFO] [jmendoza-ThinkPad-T420] [main] [hexagonal.configuration.HexagonalArchitectureConfigurationApplication] | No active profile set, falling back to default profiles: default
[2020-06-06 00:12:43.625] [INFO] [jmendoza-ThinkPad-T420] [main] [repository.config.RepositoryConfigurationDelegate] | Bootstrapping Spring Data JDBC repositories in DEFAULT mode.
[2020-06-06 00:12:43.653] [INFO] [jmendoza-ThinkPad-T420] [main] [repository.config.RepositoryConfigurationDelegate] | Finished Spring Data repository scanning in 23ms. Found 0 JDBC repository interfaces.
[2020-06-06 00:12:44.244] [INFO] [jmendoza-ThinkPad-T420] [main] [embedded.tomcat.TomcatWebServer] | Tomcat initialized with port(s): 3002 (http)
[2020-06-06 00:12:44.253] [INFO] [jmendoza-ThinkPad-T420] [main] [coyote.http11.Http11NioProtocol] | Initializing ProtocolHandler ["http-nio-3002"]
[2020-06-06 00:12:44.253] [INFO] [jmendoza-ThinkPad-T420] [main] [catalina.core.StandardService] | Starting service [Tomcat]
[2020-06-06 00:12:44.254] [INFO] [jmendoza-ThinkPad-T420] [main] [catalina.core.StandardEngine] | Starting Servlet engine: [Apache Tomcat/9.0.35]
[2020-06-06 00:12:44.337] [INFO] [jmendoza-ThinkPad-T420] [main] [[Tomcat].[localhost].[/]] | Initializing Spring embedded WebApplicationContext
[2020-06-06 00:12:44.337] [INFO] [jmendoza-ThinkPad-T420] [main] [web.context.ContextLoader] | Root WebApplicationContext: initialization completed in 1778 ms
[2020-06-06 00:12:44.839] [INFO] [jmendoza-ThinkPad-T420] [main] [scheduling.concurrent.ThreadPoolTaskExecutor] | Initializing ExecutorService 'applicationTaskExecutor'
[2020-06-06 00:12:45.073] [INFO] [jmendoza-ThinkPad-T420] [main] [zaxxer.hikari.HikariDataSource] | HikariPool-1 - Starting...
[2020-06-06 00:12:45.292] [INFO] [jmendoza-ThinkPad-T420] [main] [zaxxer.hikari.HikariDataSource] | HikariPool-1 - Start completed.
[2020-06-06 00:12:45.405] [INFO] [jmendoza-ThinkPad-T420] [main] [coyote.http11.Http11NioProtocol] | Starting ProtocolHandler ["http-nio-3002"]
[2020-06-06 00:12:45.431] [INFO] [jmendoza-ThinkPad-T420] [main] [embedded.tomcat.TomcatWebServer] | Tomcat started on port(s): 3002 (http) with context path ''
[2020-06-06 00:12:45.447] [INFO] [jmendoza-ThinkPad-T420] [main] [hexagonal.configuration.HexagonalArchitectureConfigurationApplication] | Started HexagonalArchitectureConfigurationApplication in 4.013 seconds (JVM running for 5.45)
[2020-06-06 00:12:53.986] [INFO] [jmendoza-ThinkPad-T420] [SpringContextShutdownHook] [scheduling.concurrent.ThreadPoolTaskExecutor] | Shutting down ExecutorService 'applicationTaskExecutor'
[2020-06-06 00:12:53.988] [INFO] [jmendoza-ThinkPad-T420] [SpringContextShutdownHook] [zaxxer.hikari.HikariDataSource] | HikariPool-1 - Shutdown initiated...
[2020-06-06 00:12:54.003] [INFO] [jmendoza-ThinkPad-T420] [SpringContextShutdownHook] [zaxxer.hikari.HikariDataSource] | HikariPool-1 - Shutdown completed.
[2020-06-06 00:13:10.988] [INFO] [jmendoza-ThinkPad-T420] [main] [hexagonal.configuration.HexagonalArchitectureConfigurationApplication] | Starting HexagonalArchitectureConfigurationApplication on jmendoza-ThinkPad-T420 with PID 16018 (/home/jmendoza/IdeaProjects/JonathanM2ndoza/Hexagonal-Architecture-DDD/Order/configuration/target/classes started by jmendoza in /home/jmendoza/IdeaProjects/JonathanM2ndoza/Hexagonal-Architecture-DDD/Order)
[2020-06-06 00:13:11.009] [INFO] [jmendoza-ThinkPad-T420] [main] [hexagonal.configuration.HexagonalArchitectureConfigurationApplication] | No active profile set, falling back to default profiles: default
[2020-06-06 00:13:12.337] [INFO] [jmendoza-ThinkPad-T420] [main] [repository.config.RepositoryConfigurationDelegate] | Bootstrapping Spring Data JDBC repositories in DEFAULT mode.
[2020-06-06 00:13:12.356] [INFO] [jmendoza-ThinkPad-T420] [main] [repository.config.RepositoryConfigurationDelegate] | Finished Spring Data repository scanning in 15ms. Found 0 JDBC repository interfaces.
[2020-06-06 00:13:12.981] [INFO] [jmendoza-ThinkPad-T420] [main] [embedded.tomcat.TomcatWebServer] | Tomcat initialized with port(s): 3002 (http)
[2020-06-06 00:13:12.992] [INFO] [jmendoza-ThinkPad-T420] [main] [coyote.http11.Http11NioProtocol] | Initializing ProtocolHandler ["http-nio-3002"]
[2020-06-06 00:13:12.993] [INFO] [jmendoza-ThinkPad-T420] [main] [catalina.core.StandardService] | Starting service [Tomcat]
[2020-06-06 00:13:12.993] [INFO] [jmendoza-ThinkPad-T420] [main] [catalina.core.StandardEngine] | Starting Servlet engine: [Apache Tomcat/9.0.35]
[2020-06-06 00:13:13.099] [INFO] [jmendoza-ThinkPad-T420] [main] [[Tomcat].[localhost].[/]] | Initializing Spring embedded WebApplicationContext
[2020-06-06 00:13:13.100] [INFO] [jmendoza-ThinkPad-T420] [main] [web.context.ContextLoader] | Root WebApplicationContext: initialization completed in 1780 ms
[2020-06-06 00:13:13.401] [INFO] [jmendoza-ThinkPad-T420] [main] [scheduling.concurrent.ThreadPoolTaskExecutor] | Initializing ExecutorService 'applicationTaskExecutor'
[2020-06-06 00:13:13.684] [INFO] [jmendoza-ThinkPad-T420] [main] [zaxxer.hikari.HikariDataSource] | HikariPool-1 - Starting...
[2020-06-06 00:13:13.914] [INFO] [jmendoza-ThinkPad-T420] [main] [zaxxer.hikari.HikariDataSource] | HikariPool-1 - Start completed.
[2020-06-06 00:13:14.034] [INFO] [jmendoza-ThinkPad-T420] [main] [coyote.http11.Http11NioProtocol] | Starting ProtocolHandler ["http-nio-3002"]
[2020-06-06 00:13:14.062] [INFO] [jmendoza-ThinkPad-T420] [main] [embedded.tomcat.TomcatWebServer] | Tomcat started on port(s): 3002 (http) with context path ''
[2020-06-06 00:13:14.076] [INFO] [jmendoza-ThinkPad-T420] [main] [hexagonal.configuration.HexagonalArchitectureConfigurationApplication] | Started HexagonalArchitectureConfigurationApplication in 3.992 seconds (JVM running for 5.841)
[2020-06-06 00:13:17.661] [INFO] [jmendoza-ThinkPad-T420] [http-nio-3002-exec-1] [[Tomcat].[localhost].[/]] | Initializing Spring DispatcherServlet 'dispatcherServlet'
[2020-06-06 00:13:17.662] [INFO] [jmendoza-ThinkPad-T420] [http-nio-3002-exec-1] [web.servlet.DispatcherServlet] | Initializing Servlet 'dispatcherServlet'
[2020-06-06 00:13:17.670] [INFO] [jmendoza-ThinkPad-T420] [http-nio-3002-exec-1] [web.servlet.DispatcherServlet] | Completed initialization in 8 ms
[2020-06-06 00:13:17.795] [TRACE] [jmendoza-ThinkPad-T420] [http-nio-3002-exec-1] [zalando.logbook.Logbook] | {"origin":"remote","type":"request","correlation":"94b5699cc475cd7b","protocol":"HTTP/1.1","remote":"0:0:0:0:0:0:0:1","method":"GET","uri":"http://localhost:3002/v1/orders/33","headers":{"accept":["*/*"],"accept-encoding":["gzip, deflate, br"],"accept-language":["es-419,es-US;q=0.9,es;q=0.8,en-US;q=0.7,en;q=0.6"],"cache-control":["no-cache"],"connection":["keep-alive"],"host":["localhost:3002"],"postman-token":["69d863a9-6cc5-4b8c-de19-5ecf833d8baa"],"sec-fetch-dest":["empty"],"sec-fetch-mode":["cors"],"sec-fetch-site":["none"],"user-agent":["Mozilla/5.0 (X11; Linux x86_64) AppleWebKit/537.36 (KHTML, like Gecko) Chrome/83.0.4103.61 Safari/537.36"]}}
[2020-06-06 00:13:17.833] [TRACE] [jmendoza-ThinkPad-T420] [http-nio-3002-exec-1] [zalando.logbook.Logbook] | {"origin":"local","type":"response","correlation":"94b5699cc475cd7b","duration":140,"protocol":"HTTP/1.1","status":404,"headers":{"Vary":["Origin","Access-Control-Request-Method","Access-Control-Request-Headers"]}}
[2020-06-06 00:13:23.502] [INFO] [jmendoza-ThinkPad-T420] [SpringContextShutdownHook] [zaxxer.hikari.HikariDataSource] | HikariPool-1 - Shutdown initiated...
[2020-06-06 00:13:23.515] [INFO] [jmendoza-ThinkPad-T420] [SpringContextShutdownHook] [zaxxer.hikari.HikariDataSource] | HikariPool-1 - Shutdown completed.
[2020-06-06 00:13:23.518] [INFO] [jmendoza-ThinkPad-T420] [SpringContextShutdownHook] [scheduling.concurrent.ThreadPoolTaskExecutor] | Shutting down ExecutorService 'applicationTaskExecutor'
[2020-06-06 00:14:34.065] [INFO] [jmendoza-ThinkPad-T420] [main] [hexagonal.configuration.HexagonalArchitectureConfigurationApplication] | Starting HexagonalArchitectureConfigurationApplication on jmendoza-ThinkPad-T420 with PID 16370 (/home/jmendoza/IdeaProjects/JonathanM2ndoza/Hexagonal-Architecture-DDD/Order/configuration/target/classes started by jmendoza in /home/jmendoza/IdeaProjects/JonathanM2ndoza/Hexagonal-Architecture-DDD/Order)
[2020-06-06 00:14:34.083] [INFO] [jmendoza-ThinkPad-T420] [main] [hexagonal.configuration.HexagonalArchitectureConfigurationApplication] | No active profile set, falling back to default profiles: default
[2020-06-06 00:14:35.765] [INFO] [jmendoza-ThinkPad-T420] [main] [repository.config.RepositoryConfigurationDelegate] | Bootstrapping Spring Data JDBC repositories in DEFAULT mode.
[2020-06-06 00:14:35.788] [INFO] [jmendoza-ThinkPad-T420] [main] [repository.config.RepositoryConfigurationDelegate] | Finished Spring Data repository scanning in 17ms. Found 0 JDBC repository interfaces.
[2020-06-06 00:14:36.408] [INFO] [jmendoza-ThinkPad-T420] [main] [embedded.tomcat.TomcatWebServer] | Tomcat initialized with port(s): 3002 (http)
[2020-06-06 00:14:36.421] [INFO] [jmendoza-ThinkPad-T420] [main] [coyote.http11.Http11NioProtocol] | Initializing ProtocolHandler ["http-nio-3002"]
[2020-06-06 00:14:36.422] [INFO] [jmendoza-ThinkPad-T420] [main] [catalina.core.StandardService] | Starting service [Tomcat]
[2020-06-06 00:14:36.422] [INFO] [jmendoza-ThinkPad-T420] [main] [catalina.core.StandardEngine] | Starting Servlet engine: [Apache Tomcat/9.0.35]
[2020-06-06 00:14:36.537] [INFO] [jmendoza-ThinkPad-T420] [main] [[Tomcat].[localhost].[/]] | Initializing Spring embedded WebApplicationContext
[2020-06-06 00:14:36.537] [INFO] [jmendoza-ThinkPad-T420] [main] [web.context.ContextLoader] | Root WebApplicationContext: initialization completed in 2180 ms
[2020-06-06 00:14:37.004] [INFO] [jmendoza-ThinkPad-T420] [main] [scheduling.concurrent.ThreadPoolTaskExecutor] | Initializing ExecutorService 'applicationTaskExecutor'
[2020-06-06 00:14:37.249] [INFO] [jmendoza-ThinkPad-T420] [main] [zaxxer.hikari.HikariDataSource] | HikariPool-1 - Starting...
[2020-06-06 00:14:37.466] [INFO] [jmendoza-ThinkPad-T420] [main] [zaxxer.hikari.HikariDataSource] | HikariPool-1 - Start completed.
[2020-06-06 00:14:37.585] [INFO] [jmendoza-ThinkPad-T420] [main] [coyote.http11.Http11NioProtocol] | Starting ProtocolHandler ["http-nio-3002"]
[2020-06-06 00:14:37.616] [INFO] [jmendoza-ThinkPad-T420] [main] [embedded.tomcat.TomcatWebServer] | Tomcat started on port(s): 3002 (http) with context path ''
[2020-06-06 00:14:37.639] [INFO] [jmendoza-ThinkPad-T420] [main] [hexagonal.configuration.HexagonalArchitectureConfigurationApplication] | Started HexagonalArchitectureConfigurationApplication in 4.476 seconds (JVM running for 6.131)
[2020-06-06 00:15:09.177] [INFO] [jmendoza-ThinkPad-T420] [http-nio-3002-exec-1] [[Tomcat].[localhost].[/]] | Initializing Spring DispatcherServlet 'dispatcherServlet'
[2020-06-06 00:15:09.178] [INFO] [jmendoza-ThinkPad-T420] [http-nio-3002-exec-1] [web.servlet.DispatcherServlet] | Initializing Servlet 'dispatcherServlet'
[2020-06-06 00:15:09.190] [INFO] [jmendoza-ThinkPad-T420] [http-nio-3002-exec-1] [web.servlet.DispatcherServlet] | Completed initialization in 12 ms
[2020-06-06 00:15:09.322] [TRACE] [jmendoza-ThinkPad-T420] [http-nio-3002-exec-1] [zalando.logbook.Logbook] | {"origin":"remote","type":"request","correlation":"96c19e5f0ebe3d9b","protocol":"HTTP/1.1","remote":"0:0:0:0:0:0:0:1","method":"GET","uri":"http://localhost:3002/v1/orders/33","headers":{"accept":["*/*"],"accept-encoding":["gzip, deflate, br"],"accept-language":["es-419,es-US;q=0.9,es;q=0.8,en-US;q=0.7,en;q=0.6"],"cache-control":["no-cache"],"connection":["keep-alive"],"host":["localhost:3002"],"postman-token":["c2144610-71fe-8f5a-cfb5-a075cd08e179"],"sec-fetch-dest":["empty"],"sec-fetch-mode":["cors"],"sec-fetch-site":["none"],"user-agent":["Mozilla/5.0 (X11; Linux x86_64) AppleWebKit/537.36 (KHTML, like Gecko) Chrome/83.0.4103.61 Safari/537.36"]}}
[2020-06-06 00:15:09.383] [ERROR] [jmendoza-ThinkPad-T420] [http-nio-3002-exec-1] [common.exception.CustomExceptionHandler] | com.jmendoza.swa.hexagonal.common.exception.ResourceNotFoundException: Order not found :: 33
[2020-06-06 00:15:09.452] [TRACE] [jmendoza-ThinkPad-T420] [http-nio-3002-exec-1] [zalando.logbook.Logbook] | {"origin":"local","type":"response","correlation":"96c19e5f0ebe3d9b","duration":223,"protocol":"HTTP/1.1","status":404,"headers":{"Connection":["keep-alive"],"Content-Type":["application/json"],"Date":["Sat, 06 Jun 2020 04:15:09 GMT"],"Keep-Alive":["timeout=60"],"Transfer-Encoding":["chunked"]},"body":{"timestamp":"2020-06-06T04:15:09.383+00:00","message":"Order not found :: 33","details":"uri=/v1/orders/33"}}
[2020-06-06 00:15:16.186] [TRACE] [jmendoza-ThinkPad-T420] [http-nio-3002-exec-2] [zalando.logbook.Logbook] | {"origin":"remote","type":"request","correlation":"9ce5f239a5b1574f","protocol":"HTTP/1.1","remote":"0:0:0:0:0:0:0:1","method":"POST","uri":"http://localhost:3002/v1/orders","headers":{"accept":["*/*"],"accept-encoding":["gzip, deflate, br"],"accept-language":["es-419,es-US;q=0.9,es;q=0.8,en-US;q=0.7,en;q=0.6"],"cache-control":["no-cache"],"connection":["keep-alive"],"content-length":["304"],"content-type":["application/json"],"host":["localhost:3002"],"origin":["chrome-extension://fhbjgbiflinjbdggehcddcbncdddomop"],"postman-token":["8e32b2a7-df15-3fb5-6cf0-0efd6ad5f399"],"sec-fetch-dest":["empty"],"sec-fetch-mode":["cors"],"sec-fetch-site":["none"],"user-agent":["Mozilla/5.0 (X11; Linux x86_64) AppleWebKit/537.36 (KHTML, like Gecko) Chrome/83.0.4103.61 Safari/537.36"]},"body":{"customerId":"5ed047dda2923f1ac2c64463","createdAt":"2020-06-06T00:10:12","orderProductList":[{"quantity":"2","productId":"5ed31ddb669529409edc2fd0","productPrice":1099.51},{"quantity":"1","productId":"5ed31cb5669529409edc2fcf","productPrice":2199.99}]}}
[2020-06-06 00:15:16.684] [TRACE] [jmendoza-ThinkPad-T420] [http-nio-3002-exec-2] [zalando.logbook.Logbook] | {"origin":"local","type":"response","correlation":"9ce5f239a5b1574f","duration":503,"protocol":"HTTP/1.1","status":200,"headers":{"Connection":["keep-alive"],"Content-Type":["application/json"],"Date":["Sat, 06 Jun 2020 04:15:16 GMT"],"Keep-Alive":["timeout=60"],"Transfer-Encoding":["chunked"]},"body":{"orderId":"34"}}
[2020-06-06 00:15:57.540] [TRACE] [jmendoza-ThinkPad-T420] [http-nio-3002-exec-3] [zalando.logbook.Logbook] | {"origin":"remote","type":"request","correlation":"a301c9175586868f","protocol":"HTTP/1.1","remote":"0:0:0:0:0:0:0:1","method":"GET","uri":"http://localhost:3002/v1/orders/34","headers":{"accept":["*/*"],"accept-encoding":["gzip, deflate, br"],"accept-language":["es-419,es-US;q=0.9,es;q=0.8,en-US;q=0.7,en;q=0.6"],"cache-control":["no-cache"],"connection":["keep-alive"],"host":["localhost:3002"],"postman-token":["31f46960-8edb-4990-bbec-2be592c933d0"],"sec-fetch-dest":["empty"],"sec-fetch-mode":["cors"],"sec-fetch-site":["none"],"user-agent":["Mozilla/5.0 (X11; Linux x86_64) AppleWebKit/537.36 (KHTML, like Gecko) Chrome/83.0.4103.61 Safari/537.36"]}}
[2020-06-06 00:15:57.586] [TRACE] [jmendoza-ThinkPad-T420] [http-nio-3002-exec-3] [zalando.logbook.Logbook] | {"origin":"local","type":"response","correlation":"a301c9175586868f","duration":44,"protocol":"HTTP/1.1","status":200,"headers":{"Connection":["keep-alive"],"Content-Type":["application/json"],"Date":["Sat, 06 Jun 2020 04:15:57 GMT"],"Keep-Alive":["timeout=60"],"Transfer-Encoding":["chunked"]},"body":{"orderId":"34","customerId":"5ed047dda2923f1ac2c64463","createdAt":"2020-06-06T00:10:12.000+00:00","orderProductList":[{"orderProductId":15,"quantity":2,"productId":"5ed31ddb669529409edc2fd0","productPrice":1099.51},{"orderProductId":16,"quantity":1,"productId":"5ed31cb5669529409edc2fcf","productPrice":2199.99}],"amountOrder":4399.01}}
[2020-06-06 00:16:57.044] [INFO] [jmendoza-ThinkPad-T420] [SpringContextShutdownHook] [scheduling.concurrent.ThreadPoolTaskExecutor] | Shutting down ExecutorService 'applicationTaskExecutor'
[2020-06-06 00:16:57.046] [INFO] [jmendoza-ThinkPad-T420] [SpringContextShutdownHook] [zaxxer.hikari.HikariDataSource] | HikariPool-1 - Shutdown initiated...
[2020-06-06 00:16:57.063] [INFO] [jmendoza-ThinkPad-T420] [SpringContextShutdownHook] [zaxxer.hikari.HikariDataSource] | HikariPool-1 - Shutdown completed.
